2017-06-17 00:03:37 INFO  LogHelper:31 - HHH000204: Processing PersistenceUnitInfo [
	name: default
	...]
2017-06-17 00:03:37 INFO  Version:45 - HHH000412: Hibernate Core {5.2.10.Final}
2017-06-17 00:03:37 INFO  Environment:213 - HHH000206: hibernate.properties not found
2017-06-17 00:03:37 INFO  Version:66 - HCANN000001: Hibernate Commons Annotations {5.0.1.Final}
2017-06-17 00:03:37 INFO  Dialect:157 - HHH000400: Using dialect: org.hibernate.dialect.HSQLDialect
2017-06-17 00:03:37 INFO  LobCreatorBuilderImpl:98 - HHH000423: Disabling contextual LOB creation as JDBC driver reported JDBC version [3] less than 4
2017-06-17 00:04:33 INFO  LogHelper:31 - HHH000204: Processing PersistenceUnitInfo [
	name: default
	...]
2017-06-17 00:04:33 INFO  Version:45 - HHH000412: Hibernate Core {5.2.10.Final}
2017-06-17 00:04:33 INFO  Environment:213 - HHH000206: hibernate.properties not found
2017-06-17 00:04:33 INFO  Version:66 - HCANN000001: Hibernate Commons Annotations {5.0.1.Final}
2017-06-17 00:04:34 INFO  Dialect:157 - HHH000400: Using dialect: org.hibernate.dialect.HSQLDialect
2017-06-17 00:04:34 INFO  LobCreatorBuilderImpl:98 - HHH000423: Disabling contextual LOB creation as JDBC driver reported JDBC version [3] less than 4
2017-06-17 00:08:48 INFO  LogHelper:31 - HHH000204: Processing PersistenceUnitInfo [
	name: default
	...]
2017-06-17 00:08:48 INFO  Version:45 - HHH000412: Hibernate Core {5.2.10.Final}
2017-06-17 00:08:48 INFO  Environment:213 - HHH000206: hibernate.properties not found
2017-06-17 00:08:48 INFO  Version:66 - HCANN000001: Hibernate Commons Annotations {5.0.1.Final}
2017-06-17 00:08:48 INFO  Dialect:157 - HHH000400: Using dialect: org.hibernate.dialect.HSQLDialect
2017-06-17 00:08:49 INFO  LobCreatorBuilderImpl:98 - HHH000423: Disabling contextual LOB creation as JDBC driver reported JDBC version [3] less than 4
2017-06-17 00:09:41 INFO  LogHelper:31 - HHH000204: Processing PersistenceUnitInfo [
	name: default
	...]
2017-06-17 00:09:41 INFO  Version:45 - HHH000412: Hibernate Core {5.2.10.Final}
2017-06-17 00:09:41 INFO  Environment:213 - HHH000206: hibernate.properties not found
2017-06-17 00:09:41 INFO  Version:66 - HCANN000001: Hibernate Commons Annotations {5.0.1.Final}
2017-06-17 00:09:41 INFO  Dialect:157 - HHH000400: Using dialect: org.hibernate.dialect.HSQLDialect
2017-06-17 00:09:41 INFO  LobCreatorBuilderImpl:98 - HHH000423: Disabling contextual LOB creation as JDBC driver reported JDBC version [3] less than 4
